<?xml version="1.0" encoding="UTF-8"?>
<!-- Generated by org.testng.reporters.JUnitXMLReporter -->
<testsuite hostname="DESKTOP-7PTG32V" ignored="0" name="ChromeTest" tests="6" failures="0" timestamp="24 May 2018 21:03:56 GMT" time="0.085" errors="0">
  <testcase name="@BeforeClass launchBrowser" time="0.0" classname="com.selenium.testng.ParallelTestExecution">
    <failure type="org.testng.TestNGException" message="
Can inject only one of &amp;lt;ITestContext, XmlTest&amp;gt; into a @BeforeClass annotated launchBrowser.
For more information on native dependency injection please refer to http://testng.org/doc/documentation-main.html#native-dependency-injection">
      <![CDATA[org.testng.TestNGException: 
Can inject only one of <ITestContext, XmlTest> into a @BeforeClass annotated launchBrowser.
For more information on native dependency injection please refer to http://testng.org/doc/documentation-main.html#native-dependency-injection
at java.util.concurrent.FutureTask.run(Unknown Source)
at java.util.concurrent.ThreadPoolExecutor.runWorker(Unknown Source)
at java.util.concurrent.ThreadPoolExecutor$Worker.run(Unknown Source)
at java.lang.Thread.run(Unknown Source)
... Removed 14 stack frames]]>
    </failure>
  </testcase> <!-- @BeforeClass launchBrowser -->
  <testcase name="tc_1" time="0.0" classname="com.selenium.testng.ParallelTestExecution">
    <skipped/>
  </testcase> <!-- tc_1 -->
  <testcase name="tc_2" time="0.0" classname="com.selenium.testng.ParallelTestExecution">
    <skipped/>
  </testcase> <!-- tc_2 -->
  <testcase name="tc_3" time="0.0" classname="com.selenium.testng.ParallelTestExecution">
    <skipped/>
  </testcase> <!-- tc_3 -->
  <testcase name="tc_4" time="0.011" classname="com.selenium.testng.ParallelTestExecution_1"/>
  <testcase name="tc_5" time="0.001" classname="com.selenium.testng.ParallelTestExecution_1"/>
  <testcase name="tc_6" time="0.001" classname="com.selenium.testng.ParallelTestExecution_1"/>
</testsuite> <!-- ChromeTest -->
